<?xml version="1.0" encoding="UTF-8"?>
<testsuite name="com.matrix.filmfinder.FilmfinderApplicationTests" tests="1" skipped="0" failures="0" errors="0" timestamp="2020-10-13T09:53:19" hostname="DESKTOP-3GT90DH" time="0.245">
  <properties/>
  <testcase name="contextLoads()" classname="com.matrix.filmfinder.FilmfinderApplicationTests" time="0.245"/>
  <system-out><![CDATA[17:53:00.120 [Test worker] DEBUG org.springframework.test.context.BootstrapUtils - Instantiating CacheAwareContextLoaderDelegate from class [org.springframework.test.context.cache.DefaultCacheAwareContextLoaderDelegate]
17:53:00.137 [Test worker] DEBUG org.springframework.test.context.BootstrapUtils - Instantiating BootstrapContext using constructor [public org.springframework.test.context.support.DefaultBootstrapContext(java.lang.Class,org.springframework.test.context.CacheAwareContextLoaderDelegate)]
17:53:00.173 [Test worker] DEBUG org.springframework.test.context.BootstrapUtils - Instantiating TestContextBootstrapper for test class [com.matrix.filmfinder.FilmfinderApplicationTests] from class [org.springframework.boot.test.context.SpringBootTestContextBootstrapper]
17:53:00.191 [Test worker] INFO org.springframework.boot.test.context.SpringBootTestContextBootstrapper - Neither @ContextConfiguration nor @ContextHierarchy found for test class [com.matrix.filmfinder.FilmfinderApplicationTests], using SpringBootContextLoader
17:53:00.197 [Test worker] DEBUG org.springframework.test.context.support.AbstractContextLoader - Did not detect default resource location for test class [com.matrix.filmfinder.FilmfinderApplicationTests]: class path resource [com/matrix/filmfinder/FilmfinderApplicationTests-context.xml] does not exist
17:53:00.197 [Test worker] DEBUG org.springframework.test.context.support.AbstractContextLoader - Did not detect default resource location for test class [com.matrix.filmfinder.FilmfinderApplicationTests]: class path resource [com/matrix/filmfinder/FilmfinderApplicationTestsContext.groovy] does not exist
17:53:00.198 [Test worker] INFO org.springframework.test.context.support.AbstractContextLoader - Could not detect default resource locations for test class [com.matrix.filmfinder.FilmfinderApplicationTests]: no resource found for suffixes {-context.xml, Context.groovy}.
17:53:00.199 [Test worker] INFO org.springframework.test.context.support.AnnotationConfigContextLoaderUtils - Could not detect default configuration classes for test class [com.matrix.filmfinder.FilmfinderApplicationTests]: FilmfinderApplicationTests does not declare any static, non-private, non-final, nested classes annotated with @Configuration.
17:53:00.253 [Test worker] DEBUG org.springframework.test.context.support.ActiveProfilesUtils - Could not find an 'annotation declaring class' for annotation type [org.springframework.test.context.ActiveProfiles] and class [com.matrix.filmfinder.FilmfinderApplicationTests]
17:53:00.329 [Test worker] DEBUG org.springframework.context.annotation.ClassPathScanningCandidateComponentProvider - Identified candidate component class: file [F:\IdeaProjects\capstone-project-comp9900-h16b-matrix\filmfinder\build\classes\java\main\com\matrix\filmfinder\FilmfinderApplication.class]
17:53:00.331 [Test worker] INFO org.springframework.boot.test.context.SpringBootTestContextBootstrapper - Found @SpringBootConfiguration com.matrix.filmfinder.FilmfinderApplication for test class com.matrix.filmfinder.FilmfinderApplicationTests
17:53:00.481 [Test worker] DEBUG org.springframework.boot.test.context.SpringBootTestContextBootstrapper - @TestExecutionListeners is not present for class [com.matrix.filmfinder.FilmfinderApplicationTests]: using defaults.
17:53:00.481 [Test worker] INFO org.springframework.boot.test.context.SpringBootTestContextBootstrapper - Loaded default TestExecutionListener class names from location [META-INF/spring.factories]: [org.springframework.boot.test.autoconfigure.restdocs.RestDocsTestExecutionListener, org.springframework.boot.test.autoconfigure.web.client.MockRestServiceServerResetTestExecutionListener, org.springframework.boot.test.autoconfigure.web.servlet.MockMvcPrintOnlyOnFailureTestExecutionListener, org.springframework.boot.test.autoconfigure.web.servlet.WebDriverTestExecutionListener, org.springframework.boot.test.autoconfigure.webservices.client.MockWebServiceServerTestExecutionListener, org.springframework.boot.test.mock.mockito.MockitoTestExecutionListener, org.springframework.boot.test.mock.mockito.ResetMocksTestExecutionListener, org.springframework.test.context.web.ServletTestExecutionListener, org.springframework.test.context.support.DirtiesContextBeforeModesTestExecutionListener, org.springframework.test.context.support.DependencyInjectionTestExecutionListener, org.springframework.test.context.support.DirtiesContextTestExecutionListener, org.springframework.test.context.transaction.TransactionalTestExecutionListener, org.springframework.test.context.jdbc.SqlScriptsTestExecutionListener, org.springframework.test.context.event.EventPublishingTestExecutionListener]
17:53:00.505 [Test worker] INFO org.springframework.boot.test.context.SpringBootTestContextBootstrapper - Using TestExecutionListeners: [org.springframework.test.context.web.ServletTestExecutionListener@35b62035, org.springframework.test.context.support.DirtiesContextBeforeModesTestExecutionListener@252270c0, org.springframework.boot.test.mock.mockito.MockitoTestExecutionListener@24e8bc6f, org.springframework.boot.test.autoconfigure.SpringBootDependencyInjectionTestExecutionListener@7a59f91c, org.springframework.test.context.support.DirtiesContextTestExecutionListener@7eead9ea, org.springframework.test.context.transaction.TransactionalTestExecutionListener@48781287, org.springframework.test.context.jdbc.SqlScriptsTestExecutionListener@2912c423, org.springframework.test.context.event.EventPublishingTestExecutionListener@1cb65904, org.springframework.boot.test.autoconfigure.restdocs.RestDocsTestExecutionListener@343be6f1, org.springframework.boot.test.autoconfigure.web.client.MockRestServiceServerResetTestExecutionListener@3cdf26db, org.springframework.boot.test.autoconfigure.web.servlet.MockMvcPrintOnlyOnFailureTestExecutionListener@3d3cebf, org.springframework.boot.test.autoconfigure.web.servlet.WebDriverTestExecutionListener@2d83c9b8, org.springframework.boot.test.autoconfigure.webservices.client.MockWebServiceServerTestExecutionListener@4664ae97, org.springframework.boot.test.mock.mockito.ResetMocksTestExecutionListener@348a17e]
17:53:00.511 [Test worker] DEBUG org.springframework.test.context.support.AbstractDirtiesContextTestExecutionListener - Before test class: context [DefaultTestContext@730f1e3 testClass = FilmfinderApplicationTests, testInstance = [null], testMethod = [null], testException = [null], mergedContextConfiguration = [WebMergedContextConfiguration@51bb42d7 testClass = FilmfinderApplicationTests, locations = '{}', classes = '{class com.matrix.filmfinder.FilmfinderApplication}', contextInitializerClasses = '[]', activeProfiles = '{}', propertySourceLocations = '{}', propertySourceProperties = '{org.springframework.boot.test.context.SpringBootTestContextBootstrapper=true}', contextCustomizers = set[org.springframework.boot.test.autoconfigure.properties.PropertyMappingContextCustomizer@0, org.springframework.boot.test.autoconfigure.web.servlet.WebDriverContextCustomizerFactory$Customizer@3a07940b, org.springframework.boot.test.context.filter.ExcludeFilterContextCustomizer@761d9105, org.springframework.boot.test.json.DuplicateJsonObjectContextCustomizerFactory$DuplicateJsonObjectContextCustomizer@7b795b2b, org.springframework.boot.test.mock.mockito.MockitoContextCustomizer@0, org.springframework.boot.test.web.client.TestRestTemplateContextCustomizer@109458a4, org.springframework.boot.test.web.reactive.server.WebTestClientContextCustomizer@d74b761, org.springframework.boot.test.context.SpringBootTestArgs@1], resourceBasePath = 'src/main/webapp', contextLoader = 'org.springframework.boot.test.context.SpringBootContextLoader', parent = [null]], attributes = map['org.springframework.test.context.web.ServletTestExecutionListener.activateListener' -> true]], class annotated with @DirtiesContext [false] with mode [null].
17:53:00.546 [Test worker] DEBUG org.springframework.test.context.support.TestPropertySourceUtils - Adding inlined properties to environment: {spring.jmx.enabled=false, org.springframework.boot.test.context.SpringBootTestContextBootstrapper=true}

  .   ____          _            __ _ _
 /\\ / ___'_ __ _ _(_)_ __  __ _ \ \ \ \
( ( )\___ | '_ | '_| | '_ \/ _` | \ \ \ \
 \\/  ___)| |_)| | | | | || (_| |  ) ) ) )
  '  |____| .__|_| |_|_| |_\__, | / / / /
 =========|_|==============|___/=/_/_/_/
 :: Spring Boot ::        (v2.3.4.RELEASE)

2020-10-13 17:53:04.995  INFO 107548 --- [    Test worker] c.m.f.FilmfinderApplicationTests         : No active profile set, falling back to default profiles: default
2020-10-13 17:53:06.277  INFO 107548 --- [    Test worker] .s.d.r.c.RepositoryConfigurationDelegate : Bootstrapping Spring Data JPA repositories in DEFERRED mode.
2020-10-13 17:53:06.479  INFO 107548 --- [    Test worker] .s.d.r.c.RepositoryConfigurationDelegate : Finished Spring Data repository scanning in 191ms. Found 1 JPA repository interfaces.
2020-10-13 17:53:06.772  INFO 107548 --- [    Test worker] o.s.cloud.context.scope.GenericScope     : BeanFactory id=fb2ef117-f8c7-36f4-9fc2-f3bbf86e463c
2020-10-13 17:53:07.399  INFO 107548 --- [    Test worker] o.s.s.concurrent.ThreadPoolTaskExecutor  : Initializing ExecutorService 'applicationTaskExecutor'
2020-10-13 17:53:07.533  INFO 107548 --- [         task-1] o.hibernate.jpa.internal.util.LogHelper  : HHH000204: Processing PersistenceUnitInfo [name: default]
2020-10-13 17:53:07.629  WARN 107548 --- [    Test worker] JpaBaseConfiguration$JpaWebConfiguration : spring.jpa.open-in-view is enabled by default. Therefore, database queries may be performed during view rendering. Explicitly configure spring.jpa.open-in-view to disable this warning
2020-10-13 17:53:07.644  INFO 107548 --- [         task-1] org.hibernate.Version                    : HHH000412: Hibernate ORM core version 5.4.21.Final
2020-10-13 17:53:07.989  INFO 107548 --- [         task-1] o.hibernate.annotations.common.Version   : HCANN000001: Hibernate Commons Annotations {5.1.0.Final}
2020-10-13 17:53:08.140  INFO 107548 --- [    Test worker] .s.s.UserDetailsServiceAutoConfiguration : 

Using generated security password: c2075eb0-c4d9-4ac1-a42f-b4ac821e4886

2020-10-13 17:53:08.215  INFO 107548 --- [         task-1] com.zaxxer.hikari.HikariDataSource       : HikariPool-1 - Starting...
2020-10-13 17:53:08.397  INFO 107548 --- [    Test worker] o.s.s.web.DefaultSecurityFilterChain     : Creating filter chain: any request, [org.springframework.security.web.context.request.async.WebAsyncManagerIntegrationFilter@1f3470de, org.springframework.security.web.context.SecurityContextPersistenceFilter@321e86d6, org.springframework.security.web.header.HeaderWriterFilter@5ef8466, org.springframework.web.filter.CorsFilter@7be7aaf1, org.springframework.security.web.authentication.logout.LogoutFilter@749fe30c, org.springframework.security.web.savedrequest.RequestCacheAwareFilter@8ca6e21, org.springframework.security.web.servletapi.SecurityContextHolderAwareRequestFilter@1bd38390, org.springframework.security.web.authentication.AnonymousAuthenticationFilter@4ac1ff15, org.springframework.security.web.session.SessionManagementFilter@162cd420, org.springframework.security.web.access.ExceptionTranslationFilter@37a0b92c]
2020-10-13 17:53:10.997  INFO 107548 --- [         task-1] com.zaxxer.hikari.HikariDataSource       : HikariPool-1 - Start completed.
2020-10-13 17:53:11.035  INFO 107548 --- [         task-1] org.hibernate.dialect.Dialect            : HHH000400: Using dialect: org.hibernate.dialect.MySQL8Dialect
2020-10-13 17:53:11.488  INFO 107548 --- [    Test worker] o.s.cloud.commons.util.InetUtils         : Cannot determine local hostname
2020-10-13 17:53:14.830  INFO 107548 --- [         task-1] o.h.e.t.j.p.i.JtaPlatformInitiator       : HHH000490: Using JtaPlatform implementation: [org.hibernate.engine.transaction.jta.platform.internal.NoJtaPlatform]
2020-10-13 17:53:14.839  INFO 107548 --- [         task-1] j.LocalContainerEntityManagerFactoryBean : Initialized JPA EntityManagerFactory for persistence unit 'default'
2020-10-13 17:53:16.875  INFO 107548 --- [    Test worker] o.s.cloud.commons.util.InetUtils         : Cannot determine local hostname
2020-10-13 17:53:18.672  INFO 107548 --- [    Test worker] o.s.cloud.commons.util.InetUtils         : Cannot determine local hostname
2020-10-13 17:53:18.695  WARN 107548 --- [    Test worker] s.o.SpringCloudSecurityAutoConfiguration : All Spring Cloud Security modules and starters are deprecated. They will be moved to individual projects in the next major release.
2020-10-13 17:53:18.711  INFO 107548 --- [    Test worker] o.s.b.a.e.web.EndpointLinksResolver      : Exposing 2 endpoint(s) beneath base path '/actuator'
2020-10-13 17:53:18.774  INFO 107548 --- [    Test worker] DeferredRepositoryInitializationListener : Triggering deferred initialization of Spring Data repositories…
2020-10-13 17:53:19.122  INFO 107548 --- [    Test worker] DeferredRepositoryInitializationListener : Spring Data repositories initialized!
2020-10-13 17:53:19.135  INFO 107548 --- [    Test worker] c.m.f.FilmfinderApplicationTests         : Started FilmfinderApplicationTests in 18.574 seconds (JVM running for 21.23)
]]></system-out>
  <system-err><![CDATA[]]></system-err>
</testsuite>
