version https://git-lfs.github.com/spec/v1
oid sha256:936c5ca66c7a206572e23337617902ab8a868794d5df17a2592b0c54a93b42de
size 13717
