version https://git-lfs.github.com/spec/v1
oid sha256:a4386db40242a774ae4a490a69864fa4152dd67df571e105eeaae1f03d6de595
size 13072
